2022-05-15 22:36:51.9562||INFO|Microsoft.Hosting.Lifetime|Now listening on: https://localhost:5001 
2022-05-15 22:36:52.5803||INFO|Microsoft.Hosting.Lifetime|Now listening on: http://localhost:5000 
2022-05-15 22:36:52.7097||INFO|Microsoft.Hosting.Lifetime|Application started. Press Ctrl+C to shut down. 
2022-05-15 22:36:52.7437||INFO|Microsoft.Hosting.Lifetime|Hosting environment: Development 
2022-05-15 22:36:52.8097||INFO|Microsoft.Hosting.Lifetime|Content root path: C:\Users\Adrian\Desktop\dev\c#\StockAPI 
2022-05-15 22:37:42.7706||INFO|StockAPI.Middleware.RequestTimeMiddleware|Request [GET] at /api/market/4 took 6419 ms 
2022-05-15 23:21:42.8137||ERROR|StockAPI.Middleware.ErrorHandlingMiddleware|Object reference not set to an instance of an object. System.NullReferenceException: Object reference not set to an instance of an object.
   at StockAPI.Authorization.MinimumStocksCreatedRequirementHandler.HandleRequirementAsync(AuthorizationHandlerContext context, MinimumStocksCreatedRequirement requirement) in C:\Users\Adrian\Desktop\dev\c#\StockAPI\Authorization\MinimumStocksCreatedRequirementHandler.cs:line 20
   at Microsoft.AspNetCore.Authorization.AuthorizationHandler`1.HandleAsync(AuthorizationHandlerContext context)
   at Microsoft.AspNetCore.Authorization.DefaultAuthorizationService.AuthorizeAsync(ClaimsPrincipal user, Object resource, IEnumerable`1 requirements)
   at Microsoft.AspNetCore.Authorization.Policy.PolicyEvaluator.AuthorizeAsync(AuthorizationPolicy policy, AuthenticateResult authenticationResult, HttpContext context, Object resource)
   at Microsoft.AspNetCore.Authorization.AuthorizationMiddleware.Invoke(HttpContext context)
   at Swashbuckle.AspNetCore.SwaggerUI.SwaggerUIMiddleware.Invoke(HttpContext httpContext)
   at Swashbuckle.AspNetCore.Swagger.SwaggerMiddleware.Invoke(HttpContext httpContext, ISwaggerProvider swaggerProvider)
   at Microsoft.AspNetCore.Authentication.AuthenticationMiddleware.Invoke(HttpContext context)
   at StockAPI.Middleware.RequestTimeMiddleware.InvokeAsync(HttpContext context, RequestDelegate next) in C:\Users\Adrian\Desktop\dev\c#\StockAPI\Middleware\RequestTimeMiddleware.cs:line 24
   at Microsoft.AspNetCore.Builder.UseMiddlewareExtensions.<>c__DisplayClass6_1.<<UseMiddlewareInterface>b__1>d.MoveNext()
--- End of stack trace from previous location ---
   at StockAPI.Middleware.ErrorHandlingMiddleware.InvokeAsync(HttpContext context, RequestDelegate next) in C:\Users\Adrian\Desktop\dev\c#\StockAPI\Middleware\ErrorHandlingMiddleware.cs:line 23
2022-05-15 23:31:56.8952||INFO|Microsoft.Hosting.Lifetime|Now listening on: https://localhost:5001 
2022-05-15 23:31:56.9852||INFO|Microsoft.Hosting.Lifetime|Now listening on: http://localhost:5000 
2022-05-15 23:31:57.0010||INFO|Microsoft.Hosting.Lifetime|Application started. Press Ctrl+C to shut down. 
2022-05-15 23:31:57.0162||INFO|Microsoft.Hosting.Lifetime|Hosting environment: Development 
2022-05-15 23:31:57.0460||INFO|Microsoft.Hosting.Lifetime|Content root path: C:\Users\Adrian\Desktop\dev\c#\StockAPI 
2022-05-15 23:32:04.6941||ERROR|StockAPI.Middleware.ErrorHandlingMiddleware|Conflicting method/path combination "GET api/Market" for actions - StockAPI.Controllers.MarketController.GetAllMarkets (StockAPI),StockAPI.Controllers.MarketController.GetAllMarkets2 (StockAPI). Actions require a unique method/path combination for Swagger/OpenAPI 3.0. Use ConflictingActionsResolver as a workaround Swashbuckle.AspNetCore.SwaggerGen.SwaggerGeneratorException: Conflicting method/path combination "GET api/Market" for actions - StockAPI.Controllers.MarketController.GetAllMarkets (StockAPI),StockAPI.Controllers.MarketController.GetAllMarkets2 (StockAPI). Actions require a unique method/path combination for Swagger/OpenAPI 3.0. Use ConflictingActionsResolver as a workaround
   at Swashbuckle.AspNetCore.SwaggerGen.SwaggerGenerator.GenerateOperations(IEnumerable`1 apiDescriptions, SchemaRepository schemaRepository)
   at Swashbuckle.AspNetCore.SwaggerGen.SwaggerGenerator.GeneratePaths(IEnumerable`1 apiDescriptions, SchemaRepository schemaRepository)
   at Swashbuckle.AspNetCore.SwaggerGen.SwaggerGenerator.GetSwagger(String documentName, String host, String basePath)
   at Swashbuckle.AspNetCore.Swagger.SwaggerMiddleware.Invoke(HttpContext httpContext, ISwaggerProvider swaggerProvider)
   at Microsoft.AspNetCore.Authentication.AuthenticationMiddleware.Invoke(HttpContext context)
   at StockAPI.Middleware.RequestTimeMiddleware.InvokeAsync(HttpContext context, RequestDelegate next) in C:\Users\Adrian\Desktop\dev\c#\StockAPI\Middleware\RequestTimeMiddleware.cs:line 24
   at Microsoft.AspNetCore.Builder.UseMiddlewareExtensions.<>c__DisplayClass6_1.<<UseMiddlewareInterface>b__1>d.MoveNext()
--- End of stack trace from previous location ---
   at StockAPI.Middleware.ErrorHandlingMiddleware.InvokeAsync(HttpContext context, RequestDelegate next) in C:\Users\Adrian\Desktop\dev\c#\StockAPI\Middleware\ErrorHandlingMiddleware.cs:line 23
2022-05-15 23:34:46.6433||INFO|Microsoft.Hosting.Lifetime|Now listening on: https://localhost:5001 
2022-05-15 23:34:46.7066||INFO|Microsoft.Hosting.Lifetime|Now listening on: http://localhost:5000 
2022-05-15 23:34:46.7306||INFO|Microsoft.Hosting.Lifetime|Application started. Press Ctrl+C to shut down. 
2022-05-15 23:34:46.7376||INFO|Microsoft.Hosting.Lifetime|Hosting environment: Development 
2022-05-15 23:34:46.7518||INFO|Microsoft.Hosting.Lifetime|Content root path: C:\Users\Adrian\Desktop\dev\c#\StockAPI 
2022-05-15 23:34:50.4397||ERROR|StockAPI.Middleware.ErrorHandlingMiddleware|Conflicting method/path combination "GET api/Market" for actions - StockAPI.Controllers.MarketController.GetAllMarkets (StockAPI),StockAPI.Controllers.MarketController.GetAllMarkets2 (StockAPI). Actions require a unique method/path combination for Swagger/OpenAPI 3.0. Use ConflictingActionsResolver as a workaround Swashbuckle.AspNetCore.SwaggerGen.SwaggerGeneratorException: Conflicting method/path combination "GET api/Market" for actions - StockAPI.Controllers.MarketController.GetAllMarkets (StockAPI),StockAPI.Controllers.MarketController.GetAllMarkets2 (StockAPI). Actions require a unique method/path combination for Swagger/OpenAPI 3.0. Use ConflictingActionsResolver as a workaround
   at Swashbuckle.AspNetCore.SwaggerGen.SwaggerGenerator.GenerateOperations(IEnumerable`1 apiDescriptions, SchemaRepository schemaRepository)
   at Swashbuckle.AspNetCore.SwaggerGen.SwaggerGenerator.GeneratePaths(IEnumerable`1 apiDescriptions, SchemaRepository schemaRepository)
   at Swashbuckle.AspNetCore.SwaggerGen.SwaggerGenerator.GetSwagger(String documentName, String host, String basePath)
   at Swashbuckle.AspNetCore.Swagger.SwaggerMiddleware.Invoke(HttpContext httpContext, ISwaggerProvider swaggerProvider)
   at Microsoft.AspNetCore.Authentication.AuthenticationMiddleware.Invoke(HttpContext context)
   at StockAPI.Middleware.RequestTimeMiddleware.InvokeAsync(HttpContext context, RequestDelegate next) in C:\Users\Adrian\Desktop\dev\c#\StockAPI\Middleware\RequestTimeMiddleware.cs:line 24
   at Microsoft.AspNetCore.Builder.UseMiddlewareExtensions.<>c__DisplayClass6_1.<<UseMiddlewareInterface>b__1>d.MoveNext()
--- End of stack trace from previous location ---
   at StockAPI.Middleware.ErrorHandlingMiddleware.InvokeAsync(HttpContext context, RequestDelegate next) in C:\Users\Adrian\Desktop\dev\c#\StockAPI\Middleware\ErrorHandlingMiddleware.cs:line 23
2022-05-15 23:42:50.8773||INFO|Microsoft.Hosting.Lifetime|Now listening on: https://localhost:5001 
2022-05-15 23:42:50.9439||INFO|Microsoft.Hosting.Lifetime|Now listening on: http://localhost:5000 
2022-05-15 23:42:50.9605||INFO|Microsoft.Hosting.Lifetime|Application started. Press Ctrl+C to shut down. 
2022-05-15 23:42:50.9712||INFO|Microsoft.Hosting.Lifetime|Hosting environment: Development 
2022-05-15 23:42:50.9712||INFO|Microsoft.Hosting.Lifetime|Content root path: C:\Users\Adrian\Desktop\dev\c#\StockAPI 
2022-05-15 23:42:54.6286||ERROR|StockAPI.Middleware.ErrorHandlingMiddleware|Conflicting method/path combination "GET api/Market" for actions - StockAPI.Controllers.MarketController.GetAllMarkets (StockAPI),StockAPI.Controllers.MarketController.GetAll (StockAPI). Actions require a unique method/path combination for Swagger/OpenAPI 3.0. Use ConflictingActionsResolver as a workaround Swashbuckle.AspNetCore.SwaggerGen.SwaggerGeneratorException: Conflicting method/path combination "GET api/Market" for actions - StockAPI.Controllers.MarketController.GetAllMarkets (StockAPI),StockAPI.Controllers.MarketController.GetAll (StockAPI). Actions require a unique method/path combination for Swagger/OpenAPI 3.0. Use ConflictingActionsResolver as a workaround
   at Swashbuckle.AspNetCore.SwaggerGen.SwaggerGenerator.GenerateOperations(IEnumerable`1 apiDescriptions, SchemaRepository schemaRepository)
   at Swashbuckle.AspNetCore.SwaggerGen.SwaggerGenerator.GeneratePaths(IEnumerable`1 apiDescriptions, SchemaRepository schemaRepository)
   at Swashbuckle.AspNetCore.SwaggerGen.SwaggerGenerator.GetSwagger(String documentName, String host, String basePath)
   at Swashbuckle.AspNetCore.Swagger.SwaggerMiddleware.Invoke(HttpContext httpContext, ISwaggerProvider swaggerProvider)
   at Microsoft.AspNetCore.Authentication.AuthenticationMiddleware.Invoke(HttpContext context)
   at StockAPI.Middleware.RequestTimeMiddleware.InvokeAsync(HttpContext context, RequestDelegate next) in C:\Users\Adrian\Desktop\dev\c#\StockAPI\Middleware\RequestTimeMiddleware.cs:line 24
   at Microsoft.AspNetCore.Builder.UseMiddlewareExtensions.<>c__DisplayClass6_1.<<UseMiddlewareInterface>b__1>d.MoveNext()
--- End of stack trace from previous location ---
   at StockAPI.Middleware.ErrorHandlingMiddleware.InvokeAsync(HttpContext context, RequestDelegate next) in C:\Users\Adrian\Desktop\dev\c#\StockAPI\Middleware\ErrorHandlingMiddleware.cs:line 23
2022-05-15 23:43:55.8846||INFO|Microsoft.Hosting.Lifetime|Now listening on: https://localhost:5001 
2022-05-15 23:43:55.9367||INFO|Microsoft.Hosting.Lifetime|Now listening on: http://localhost:5000 
2022-05-15 23:43:55.9367||INFO|Microsoft.Hosting.Lifetime|Application started. Press Ctrl+C to shut down. 
2022-05-15 23:43:55.9542||INFO|Microsoft.Hosting.Lifetime|Hosting environment: Development 
2022-05-15 23:43:55.9542||INFO|Microsoft.Hosting.Lifetime|Content root path: C:\Users\Adrian\Desktop\dev\c#\StockAPI 
2022-05-15 23:46:35.2157||INFO|Microsoft.Hosting.Lifetime|Now listening on: https://localhost:5001 
2022-05-15 23:46:35.2746||INFO|Microsoft.Hosting.Lifetime|Now listening on: http://localhost:5000 
2022-05-15 23:46:35.2911||INFO|Microsoft.Hosting.Lifetime|Application started. Press Ctrl+C to shut down. 
2022-05-15 23:46:35.3002||INFO|Microsoft.Hosting.Lifetime|Hosting environment: Development 
2022-05-15 23:46:35.3140||INFO|Microsoft.Hosting.Lifetime|Content root path: C:\Users\Adrian\Desktop\dev\c#\StockAPI 
2022-05-15 23:46:39.0347||ERROR|StockAPI.Middleware.ErrorHandlingMiddleware|Conflicting method/path combination "GET api/Market" for actions - StockAPI.Controllers.MarketController.GetAllMarkets (StockAPI),StockAPI.Controllers.MarketController.GetAllMarkets (StockAPI). Actions require a unique method/path combination for Swagger/OpenAPI 3.0. Use ConflictingActionsResolver as a workaround Swashbuckle.AspNetCore.SwaggerGen.SwaggerGeneratorException: Conflicting method/path combination "GET api/Market" for actions - StockAPI.Controllers.MarketController.GetAllMarkets (StockAPI),StockAPI.Controllers.MarketController.GetAllMarkets (StockAPI). Actions require a unique method/path combination for Swagger/OpenAPI 3.0. Use ConflictingActionsResolver as a workaround
   at Swashbuckle.AspNetCore.SwaggerGen.SwaggerGenerator.GenerateOperations(IEnumerable`1 apiDescriptions, SchemaRepository schemaRepository)
   at Swashbuckle.AspNetCore.SwaggerGen.SwaggerGenerator.GeneratePaths(IEnumerable`1 apiDescriptions, SchemaRepository schemaRepository)
   at Swashbuckle.AspNetCore.SwaggerGen.SwaggerGenerator.GetSwagger(String documentName, String host, String basePath)
   at Swashbuckle.AspNetCore.Swagger.SwaggerMiddleware.Invoke(HttpContext httpContext, ISwaggerProvider swaggerProvider)
   at Microsoft.AspNetCore.Authentication.AuthenticationMiddleware.Invoke(HttpContext context)
   at StockAPI.Middleware.RequestTimeMiddleware.InvokeAsync(HttpContext context, RequestDelegate next) in C:\Users\Adrian\Desktop\dev\c#\StockAPI\Middleware\RequestTimeMiddleware.cs:line 24
   at Microsoft.AspNetCore.Builder.UseMiddlewareExtensions.<>c__DisplayClass6_1.<<UseMiddlewareInterface>b__1>d.MoveNext()
--- End of stack trace from previous location ---
   at StockAPI.Middleware.ErrorHandlingMiddleware.InvokeAsync(HttpContext context, RequestDelegate next) in C:\Users\Adrian\Desktop\dev\c#\StockAPI\Middleware\ErrorHandlingMiddleware.cs:line 23
2022-05-15 23:47:00.3826||INFO|Microsoft.Hosting.Lifetime|Now listening on: https://localhost:5001 
2022-05-15 23:47:00.4681||INFO|Microsoft.Hosting.Lifetime|Now listening on: http://localhost:5000 
2022-05-15 23:47:00.5062||INFO|Microsoft.Hosting.Lifetime|Application started. Press Ctrl+C to shut down. 
2022-05-15 23:47:00.5241||INFO|Microsoft.Hosting.Lifetime|Hosting environment: Development 
2022-05-15 23:47:00.5369||INFO|Microsoft.Hosting.Lifetime|Content root path: C:\Users\Adrian\Desktop\dev\c#\StockAPI 
2022-05-15 23:47:04.5327||ERROR|StockAPI.Middleware.ErrorHandlingMiddleware|Conflicting method/path combination "GET api/Market" for actions - StockAPI.Controllers.MarketController.GetAllMarkets (StockAPI),StockAPI.Controllers.MarketController.GetAllMarkets (StockAPI). Actions require a unique method/path combination for Swagger/OpenAPI 3.0. Use ConflictingActionsResolver as a workaround Swashbuckle.AspNetCore.SwaggerGen.SwaggerGeneratorException: Conflicting method/path combination "GET api/Market" for actions - StockAPI.Controllers.MarketController.GetAllMarkets (StockAPI),StockAPI.Controllers.MarketController.GetAllMarkets (StockAPI). Actions require a unique method/path combination for Swagger/OpenAPI 3.0. Use ConflictingActionsResolver as a workaround
   at Swashbuckle.AspNetCore.SwaggerGen.SwaggerGenerator.GenerateOperations(IEnumerable`1 apiDescriptions, SchemaRepository schemaRepository)
   at Swashbuckle.AspNetCore.SwaggerGen.SwaggerGenerator.GeneratePaths(IEnumerable`1 apiDescriptions, SchemaRepository schemaRepository)
   at Swashbuckle.AspNetCore.SwaggerGen.SwaggerGenerator.GetSwagger(String documentName, String host, String basePath)
   at Swashbuckle.AspNetCore.Swagger.SwaggerMiddleware.Invoke(HttpContext httpContext, ISwaggerProvider swaggerProvider)
   at Microsoft.AspNetCore.Authentication.AuthenticationMiddleware.Invoke(HttpContext context)
   at StockAPI.Middleware.RequestTimeMiddleware.InvokeAsync(HttpContext context, RequestDelegate next) in C:\Users\Adrian\Desktop\dev\c#\StockAPI\Middleware\RequestTimeMiddleware.cs:line 24
   at Microsoft.AspNetCore.Builder.UseMiddlewareExtensions.<>c__DisplayClass6_1.<<UseMiddlewareInterface>b__1>d.MoveNext()
--- End of stack trace from previous location ---
   at StockAPI.Middleware.ErrorHandlingMiddleware.InvokeAsync(HttpContext context, RequestDelegate next) in C:\Users\Adrian\Desktop\dev\c#\StockAPI\Middleware\ErrorHandlingMiddleware.cs:line 23
2022-05-15 23:47:29.9241||INFO|Microsoft.Hosting.Lifetime|Now listening on: https://localhost:5001 
2022-05-15 23:47:29.9812||INFO|Microsoft.Hosting.Lifetime|Now listening on: http://localhost:5000 
2022-05-15 23:47:30.0028||INFO|Microsoft.Hosting.Lifetime|Application started. Press Ctrl+C to shut down. 
2022-05-15 23:47:30.0028||INFO|Microsoft.Hosting.Lifetime|Hosting environment: Development 
2022-05-15 23:47:30.0136||INFO|Microsoft.Hosting.Lifetime|Content root path: C:\Users\Adrian\Desktop\dev\c#\StockAPI 
