2022-04-17 12:19:40.6337||INFO|Microsoft.Hosting.Lifetime|Now listening on: https://localhost:5001 
2022-04-17 12:19:40.8266||INFO|Microsoft.Hosting.Lifetime|Now listening on: http://localhost:5000 
2022-04-17 12:19:40.8692||INFO|Microsoft.Hosting.Lifetime|Application started. Press Ctrl+C to shut down. 
2022-04-17 12:19:40.9003||INFO|Microsoft.Hosting.Lifetime|Hosting environment: Development 
2022-04-17 12:19:40.9003||INFO|Microsoft.Hosting.Lifetime|Content root path: C:\Users\Adrian\Desktop\dev\c#\StockAPI 
2022-04-17 12:36:07.3958||INFO|Microsoft.Hosting.Lifetime|Now listening on: https://localhost:5001 
2022-04-17 12:36:07.4659||INFO|Microsoft.Hosting.Lifetime|Now listening on: http://localhost:5000 
2022-04-17 12:36:07.4989||INFO|Microsoft.Hosting.Lifetime|Application started. Press Ctrl+C to shut down. 
2022-04-17 12:36:07.5091||INFO|Microsoft.Hosting.Lifetime|Hosting environment: Development 
2022-04-17 12:36:07.5153||INFO|Microsoft.Hosting.Lifetime|Content root path: C:\Users\Adrian\Desktop\dev\c#\StockAPI 
2022-04-17 12:36:46.5419||ERROR|StockAPI.Middleware.ErrorHandlingMiddleware|The number of rows provided for a FETCH clause must be greater then zero. Microsoft.Data.SqlClient.SqlException (0x80131904): The number of rows provided for a FETCH clause must be greater then zero.
   at Microsoft.Data.SqlClient.SqlConnection.OnError(SqlException exception, Boolean breakConnection, Action`1 wrapCloseInAction)
   at Microsoft.Data.SqlClient.SqlInternalConnection.OnError(SqlException exception, Boolean breakConnection, Action`1 wrapCloseInAction)
   at Microsoft.Data.SqlClient.TdsParser.ThrowExceptionAndWarning(TdsParserStateObject stateObj, Boolean callerHasConnectionLock, Boolean asyncClose)
   at Microsoft.Data.SqlClient.TdsParser.TryRun(RunBehavior runBehavior, SqlCommand cmdHandler, SqlDataReader dataStream, BulkCopySimpleResultSet bulkCopyHandler, TdsParserStateObject stateObj, Boolean& dataReady)
   at Microsoft.Data.SqlClient.SqlDataReader.TryHasMoreRows(Boolean& moreRows)
   at Microsoft.Data.SqlClient.SqlDataReader.TryReadInternal(Boolean setTimeout, Boolean& more)
   at Microsoft.Data.SqlClient.SqlDataReader.Read()
   at Microsoft.EntityFrameworkCore.Storage.RelationalDataReader.Read()
   at Microsoft.EntityFrameworkCore.Query.Internal.SingleQueryingEnumerable`1.Enumerator.MoveNext()
   at System.Collections.Generic.List`1..ctor(IEnumerable`1 collection)
   at System.Linq.Enumerable.ToList[TSource](IEnumerable`1 source)
   at StockAPI.Services.MarketService.GetStocks(MarketQuery query) in C:\Users\Adrian\Desktop\dev\c#\StockAPI\Services\MarketService.cs:line 38
   at StockAPI.Controllers.MarketController.GetAllMarkets(MarketQuery searchPhrase) in C:\Users\Adrian\Desktop\dev\c#\StockAPI\Controllers\MarketController.cs:line 29
   at lambda_method15(Closure , Object , Object[] )
   at Microsoft.AspNetCore.Mvc.Infrastructure.ActionMethodExecutor.SyncObjectResultExecutor.Execute(IActionResultTypeMapper mapper, ObjectMethodExecutor executor, Object controller, Object[] arguments)
   at Microsoft.AspNetCore.Mvc.Infrastructure.ControllerActionInvoker.InvokeActionMethodAsync()
   at Microsoft.AspNetCore.Mvc.Infrastructure.ControllerActionInvoker.Next(State& next, Scope& scope, Object& state, Boolean& isCompleted)
   at Microsoft.AspNetCore.Mvc.Infrastructure.ControllerActionInvoker.InvokeNextActionFilterAsync()
--- End of stack trace from previous location ---
   at Microsoft.AspNetCore.Mvc.Infrastructure.ControllerActionInvoker.Rethrow(ActionExecutedContextSealed context)
   at Microsoft.AspNetCore.Mvc.Infrastructure.ControllerActionInvoker.Next(State& next, Scope& scope, Object& state, Boolean& isCompleted)
   at Microsoft.AspNetCore.Mvc.Infrastructure.ControllerActionInvoker.InvokeInnerFilterAsync()
--- End of stack trace from previous location ---
   at Microsoft.AspNetCore.Mvc.Infrastructure.ResourceInvoker.<InvokeFilterPipelineAsync>g__Awaited|19_0(ResourceInvoker invoker, Task lastTask, State next, Scope scope, Object state, Boolean isCompleted)
   at Microsoft.AspNetCore.Mvc.Infrastructure.ResourceInvoker.<InvokeAsync>g__Awaited|17_0(ResourceInvoker invoker, Task task, IDisposable scope)
   at Microsoft.AspNetCore.Routing.EndpointMiddleware.<Invoke>g__AwaitRequestTask|6_0(Endpoint endpoint, Task requestTask, ILogger logger)
   at Microsoft.AspNetCore.Authorization.AuthorizationMiddleware.Invoke(HttpContext context)
   at Swashbuckle.AspNetCore.SwaggerUI.SwaggerUIMiddleware.Invoke(HttpContext httpContext)
   at Swashbuckle.AspNetCore.Swagger.SwaggerMiddleware.Invoke(HttpContext httpContext, ISwaggerProvider swaggerProvider)
   at Microsoft.AspNetCore.Authentication.AuthenticationMiddleware.Invoke(HttpContext context)
   at StockAPI.Middleware.RequestTimeMiddleware.InvokeAsync(HttpContext context, RequestDelegate next) in C:\Users\Adrian\Desktop\dev\c#\StockAPI\Middleware\RequestTimeMiddleware.cs:line 24
   at Microsoft.AspNetCore.Builder.UseMiddlewareExtensions.<>c__DisplayClass6_1.<<UseMiddlewareInterface>b__1>d.MoveNext()
--- End of stack trace from previous location ---
   at StockAPI.Middleware.ErrorHandlingMiddleware.InvokeAsync(HttpContext context, RequestDelegate next) in C:\Users\Adrian\Desktop\dev\c#\StockAPI\Middleware\ErrorHandlingMiddleware.cs:line 23
ClientConnectionId:f69d9272-7d42-45db-a2db-b3f167e12654
Error Number:10744,State:1,Class:15
2022-04-17 12:37:54.3124||ERROR|StockAPI.Middleware.ErrorHandlingMiddleware|The number of rows provided for a FETCH clause must be greater then zero. Microsoft.Data.SqlClient.SqlException (0x80131904): The number of rows provided for a FETCH clause must be greater then zero.
   at Microsoft.Data.SqlClient.SqlConnection.OnError(SqlException exception, Boolean breakConnection, Action`1 wrapCloseInAction)
   at Microsoft.Data.SqlClient.SqlInternalConnection.OnError(SqlException exception, Boolean breakConnection, Action`1 wrapCloseInAction)
   at Microsoft.Data.SqlClient.TdsParser.ThrowExceptionAndWarning(TdsParserStateObject stateObj, Boolean callerHasConnectionLock, Boolean asyncClose)
   at Microsoft.Data.SqlClient.TdsParser.TryRun(RunBehavior runBehavior, SqlCommand cmdHandler, SqlDataReader dataStream, BulkCopySimpleResultSet bulkCopyHandler, TdsParserStateObject stateObj, Boolean& dataReady)
   at Microsoft.Data.SqlClient.SqlDataReader.TryHasMoreRows(Boolean& moreRows)
   at Microsoft.Data.SqlClient.SqlDataReader.TryReadInternal(Boolean setTimeout, Boolean& more)
   at Microsoft.Data.SqlClient.SqlDataReader.Read()
   at Microsoft.EntityFrameworkCore.Query.Internal.SingleQueryingEnumerable`1.Enumerator.MoveNext()
   at System.Collections.Generic.List`1..ctor(IEnumerable`1 collection)
   at System.Linq.Enumerable.ToList[TSource](IEnumerable`1 source)
   at StockAPI.Services.MarketService.GetStocks(MarketQuery query) in C:\Users\Adrian\Desktop\dev\c#\StockAPI\Services\MarketService.cs:line 38
   at StockAPI.Controllers.MarketController.GetAllMarkets(MarketQuery searchPhrase) in C:\Users\Adrian\Desktop\dev\c#\StockAPI\Controllers\MarketController.cs:line 29
   at lambda_method15(Closure , Object , Object[] )
   at Microsoft.AspNetCore.Mvc.Infrastructure.ActionMethodExecutor.SyncObjectResultExecutor.Execute(IActionResultTypeMapper mapper, ObjectMethodExecutor executor, Object controller, Object[] arguments)
   at Microsoft.AspNetCore.Mvc.Infrastructure.ControllerActionInvoker.InvokeActionMethodAsync()
   at Microsoft.AspNetCore.Mvc.Infrastructure.ControllerActionInvoker.Next(State& next, Scope& scope, Object& state, Boolean& isCompleted)
   at Microsoft.AspNetCore.Mvc.Infrastructure.ControllerActionInvoker.InvokeNextActionFilterAsync()
--- End of stack trace from previous location ---
   at Microsoft.AspNetCore.Mvc.Infrastructure.ControllerActionInvoker.Rethrow(ActionExecutedContextSealed context)
   at Microsoft.AspNetCore.Mvc.Infrastructure.ControllerActionInvoker.Next(State& next, Scope& scope, Object& state, Boolean& isCompleted)
   at Microsoft.AspNetCore.Mvc.Infrastructure.ControllerActionInvoker.InvokeInnerFilterAsync()
--- End of stack trace from previous location ---
   at Microsoft.AspNetCore.Mvc.Infrastructure.ResourceInvoker.<InvokeFilterPipelineAsync>g__Awaited|19_0(ResourceInvoker invoker, Task lastTask, State next, Scope scope, Object state, Boolean isCompleted)
   at Microsoft.AspNetCore.Mvc.Infrastructure.ResourceInvoker.<InvokeAsync>g__Awaited|17_0(ResourceInvoker invoker, Task task, IDisposable scope)
   at Microsoft.AspNetCore.Routing.EndpointMiddleware.<Invoke>g__AwaitRequestTask|6_0(Endpoint endpoint, Task requestTask, ILogger logger)
   at Microsoft.AspNetCore.Authorization.AuthorizationMiddleware.Invoke(HttpContext context)
   at Swashbuckle.AspNetCore.SwaggerUI.SwaggerUIMiddleware.Invoke(HttpContext httpContext)
   at Swashbuckle.AspNetCore.Swagger.SwaggerMiddleware.Invoke(HttpContext httpContext, ISwaggerProvider swaggerProvider)
   at Microsoft.AspNetCore.Authentication.AuthenticationMiddleware.Invoke(HttpContext context)
   at StockAPI.Middleware.RequestTimeMiddleware.InvokeAsync(HttpContext context, RequestDelegate next) in C:\Users\Adrian\Desktop\dev\c#\StockAPI\Middleware\RequestTimeMiddleware.cs:line 24
   at Microsoft.AspNetCore.Builder.UseMiddlewareExtensions.<>c__DisplayClass6_1.<<UseMiddlewareInterface>b__1>d.MoveNext()
--- End of stack trace from previous location ---
   at StockAPI.Middleware.ErrorHandlingMiddleware.InvokeAsync(HttpContext context, RequestDelegate next) in C:\Users\Adrian\Desktop\dev\c#\StockAPI\Middleware\ErrorHandlingMiddleware.cs:line 23
ClientConnectionId:f69d9272-7d42-45db-a2db-b3f167e12654
Error Number:10744,State:1,Class:15
2022-04-17 12:41:25.6924||INFO|Microsoft.Hosting.Lifetime|Now listening on: https://localhost:5001 
2022-04-17 12:41:25.7993||INFO|Microsoft.Hosting.Lifetime|Now listening on: http://localhost:5000 
2022-04-17 12:41:25.8284||INFO|Microsoft.Hosting.Lifetime|Application started. Press Ctrl+C to shut down. 
2022-04-17 12:41:25.8530||INFO|Microsoft.Hosting.Lifetime|Hosting environment: Development 
2022-04-17 12:41:25.8836||INFO|Microsoft.Hosting.Lifetime|Content root path: C:\Users\Adrian\Desktop\dev\c#\StockAPI 
2022-04-17 12:44:41.5175||INFO|StockAPI.Middleware.RequestTimeMiddleware|Request [GET] at /api/market took 175191 ms 
2022-04-17 12:45:30.5512||INFO|Microsoft.Hosting.Lifetime|Now listening on: https://localhost:5001 
2022-04-17 12:45:30.6117||INFO|Microsoft.Hosting.Lifetime|Now listening on: http://localhost:5000 
2022-04-17 12:45:30.6319||INFO|Microsoft.Hosting.Lifetime|Application started. Press Ctrl+C to shut down. 
2022-04-17 12:45:30.6597||INFO|Microsoft.Hosting.Lifetime|Hosting environment: Development 
2022-04-17 12:45:30.6715||INFO|Microsoft.Hosting.Lifetime|Content root path: C:\Users\Adrian\Desktop\dev\c#\StockAPI 
2022-04-17 19:43:10.9595||INFO|Microsoft.Hosting.Lifetime|Now listening on: https://localhost:5001 
2022-04-17 19:43:11.1911||INFO|Microsoft.Hosting.Lifetime|Now listening on: http://localhost:5000 
2022-04-17 19:43:11.2320||INFO|Microsoft.Hosting.Lifetime|Application started. Press Ctrl+C to shut down. 
2022-04-17 19:43:11.2681||INFO|Microsoft.Hosting.Lifetime|Hosting environment: Development 
2022-04-17 19:43:11.2681||INFO|Microsoft.Hosting.Lifetime|Content root path: C:\Users\Adrian\Desktop\dev\c#\StockAPI 
2022-04-17 19:44:42.5941||INFO|StockAPI.Middleware.RequestTimeMiddleware|Request [GET] at /api/market took 73922 ms 
2022-04-17 19:47:33.4955||INFO|Microsoft.Hosting.Lifetime|Now listening on: https://localhost:5001 
2022-04-17 19:47:33.5860||INFO|Microsoft.Hosting.Lifetime|Now listening on: http://localhost:5000 
2022-04-17 19:47:33.6630||INFO|Microsoft.Hosting.Lifetime|Application started. Press Ctrl+C to shut down. 
2022-04-17 19:47:33.7172||INFO|Microsoft.Hosting.Lifetime|Hosting environment: Development 
2022-04-17 19:47:33.7293||INFO|Microsoft.Hosting.Lifetime|Content root path: C:\Users\Adrian\Desktop\dev\c#\StockAPI 
2022-04-17 19:48:15.2929||INFO|StockAPI.Middleware.RequestTimeMiddleware|Request [GET] at /api/market took 32914 ms 
2022-04-17 19:58:40.3031||INFO|Microsoft.Hosting.Lifetime|Now listening on: https://localhost:5001 
2022-04-17 19:58:40.3653||INFO|Microsoft.Hosting.Lifetime|Now listening on: http://localhost:5000 
2022-04-17 19:58:40.4042||INFO|Microsoft.Hosting.Lifetime|Application started. Press Ctrl+C to shut down. 
2022-04-17 19:58:40.4106||INFO|Microsoft.Hosting.Lifetime|Hosting environment: Development 
2022-04-17 19:58:40.4290||INFO|Microsoft.Hosting.Lifetime|Content root path: C:\Users\Adrian\Desktop\dev\c#\StockAPI 
2022-04-17 19:58:48.7817||INFO|StockAPI.Middleware.RequestTimeMiddleware|Request [GET] at /api/market took 6727 ms 
2022-04-17 20:19:57.3828||INFO|Microsoft.Hosting.Lifetime|Now listening on: https://localhost:5001 
2022-04-17 20:19:57.4530||INFO|Microsoft.Hosting.Lifetime|Now listening on: http://localhost:5000 
2022-04-17 20:19:57.4781||INFO|Microsoft.Hosting.Lifetime|Application started. Press Ctrl+C to shut down. 
2022-04-17 20:19:57.4781||INFO|Microsoft.Hosting.Lifetime|Hosting environment: Development 
2022-04-17 20:19:57.5299||INFO|Microsoft.Hosting.Lifetime|Content root path: C:\Users\Adrian\Desktop\dev\c#\StockAPI 
2022-04-17 20:22:34.2150||INFO|StockAPI.Middleware.RequestTimeMiddleware|Request [GET] at /api/market took 78662 ms 
2022-04-17 20:23:43.4481||INFO|StockAPI.Middleware.RequestTimeMiddleware|Request [GET] at /api/market took 31358 ms 
2022-04-17 20:35:36.8318||INFO|Microsoft.Hosting.Lifetime|Now listening on: https://localhost:5001 
2022-04-17 20:35:36.9343||INFO|Microsoft.Hosting.Lifetime|Now listening on: http://localhost:5000 
2022-04-17 20:35:36.9863||INFO|Microsoft.Hosting.Lifetime|Application started. Press Ctrl+C to shut down. 
2022-04-17 20:35:36.9863||INFO|Microsoft.Hosting.Lifetime|Hosting environment: Development 
2022-04-17 20:35:37.0150||INFO|Microsoft.Hosting.Lifetime|Content root path: C:\Users\Adrian\Desktop\dev\c#\StockAPI 
2022-04-17 20:38:32.4476||INFO|Microsoft.Hosting.Lifetime|Now listening on: https://localhost:5001 
2022-04-17 20:38:32.5460||INFO|Microsoft.Hosting.Lifetime|Now listening on: http://localhost:5000 
2022-04-17 20:38:32.5803||INFO|Microsoft.Hosting.Lifetime|Application started. Press Ctrl+C to shut down. 
2022-04-17 20:38:32.5803||INFO|Microsoft.Hosting.Lifetime|Hosting environment: Development 
2022-04-17 20:38:32.6004||INFO|Microsoft.Hosting.Lifetime|Content root path: C:\Users\Adrian\Desktop\dev\c#\StockAPI 
2022-04-17 20:38:57.2926||INFO|StockAPI.Middleware.RequestTimeMiddleware|Request [GET] at /api/market took 16383 ms 
2022-04-17 20:45:01.7204||INFO|Microsoft.Hosting.Lifetime|Now listening on: https://localhost:5001 
2022-04-17 20:45:01.7785||INFO|Microsoft.Hosting.Lifetime|Now listening on: http://localhost:5000 
2022-04-17 20:45:01.8098||INFO|Microsoft.Hosting.Lifetime|Application started. Press Ctrl+C to shut down. 
2022-04-17 20:45:01.8149||INFO|Microsoft.Hosting.Lifetime|Hosting environment: Development 
2022-04-17 20:45:01.8149||INFO|Microsoft.Hosting.Lifetime|Content root path: C:\Users\Adrian\Desktop\dev\c#\StockAPI 
2022-04-17 20:46:52.3181||INFO|Microsoft.Hosting.Lifetime|Now listening on: https://localhost:5001 
2022-04-17 20:46:52.4307||INFO|Microsoft.Hosting.Lifetime|Now listening on: http://localhost:5000 
2022-04-17 20:46:52.5434||INFO|Microsoft.Hosting.Lifetime|Application started. Press Ctrl+C to shut down. 
2022-04-17 20:46:52.5960||INFO|Microsoft.Hosting.Lifetime|Hosting environment: Development 
2022-04-17 20:46:52.5960||INFO|Microsoft.Hosting.Lifetime|Content root path: C:\Users\Adrian\Desktop\dev\c#\StockAPI 
2022-04-17 20:49:44.4592||INFO|Microsoft.Hosting.Lifetime|Now listening on: https://localhost:5001 
2022-04-17 20:49:44.5402||INFO|Microsoft.Hosting.Lifetime|Now listening on: http://localhost:5000 
2022-04-17 20:49:44.5614||INFO|Microsoft.Hosting.Lifetime|Application started. Press Ctrl+C to shut down. 
2022-04-17 20:49:44.5614||INFO|Microsoft.Hosting.Lifetime|Hosting environment: Development 
2022-04-17 20:49:44.5614||INFO|Microsoft.Hosting.Lifetime|Content root path: C:\Users\Adrian\Desktop\dev\c#\StockAPI 
2022-04-17 21:52:43.9036||INFO|Microsoft.Hosting.Lifetime|Now listening on: https://localhost:5001 
2022-04-17 21:52:43.9773||INFO|Microsoft.Hosting.Lifetime|Now listening on: http://localhost:5000 
2022-04-17 21:52:43.9962||INFO|Microsoft.Hosting.Lifetime|Application started. Press Ctrl+C to shut down. 
2022-04-17 21:52:44.0165||INFO|Microsoft.Hosting.Lifetime|Hosting environment: Development 
2022-04-17 21:52:44.0165||INFO|Microsoft.Hosting.Lifetime|Content root path: C:\Users\Adrian\Desktop\dev\c#\StockAPI 
2022-04-17 22:24:52.7178||INFO|Microsoft.Hosting.Lifetime|Now listening on: https://localhost:5001 
2022-04-17 22:24:52.8295||INFO|Microsoft.Hosting.Lifetime|Now listening on: http://localhost:5000 
2022-04-17 22:24:52.8295||INFO|Microsoft.Hosting.Lifetime|Application started. Press Ctrl+C to shut down. 
2022-04-17 22:24:52.8478||INFO|Microsoft.Hosting.Lifetime|Hosting environment: Development 
2022-04-17 22:24:52.8693||INFO|Microsoft.Hosting.Lifetime|Content root path: C:\Users\Adrian\Desktop\dev\c#\StockAPI 
